生成启动时间为 2018/4/10 11:01:17。
     1>项目“D:\QTCloudDYH\QTCloudDYH\QTCloudDYH.vcxproj”在节点 2 上(Build 个目标)。
     1>InitializeBuildStatus:
         正在创建“Debug\QTCloudDYH.tlog\unsuccessfulbuild”，因为已指定“AlwaysCreate”。
       CustomBuild:
         所有输出均为最新。
     1>C:\Program Files (x86)\MSBuild\Microsoft.Cpp\v4.0\V120\Microsoft.CppBuild.targets(935,5): warning MSB8027: Two or more files with the name of moc_FourParameDialogClass.cpp will produce outputs to the same location. This can lead to an incorrect build result.  The files involved are GeneratedFiles\Debug\moc_FourParameDialogClass.cpp, GeneratedFiles\Release\moc_FourParameDialogClass.cpp.
     1>C:\Program Files (x86)\MSBuild\Microsoft.Cpp\v4.0\V120\Microsoft.CppBuild.targets(935,5): warning MSB8027: Two or more files with the name of moc_mainwindow.cpp will produce outputs to the same location. This can lead to an incorrect build result.  The files involved are GeneratedFiles\Debug\moc_mainwindow.cpp, GeneratedFiles\Release\moc_mainwindow.cpp.
     1>C:\Program Files (x86)\MSBuild\Microsoft.Cpp\v4.0\V120\Microsoft.CppBuild.targets(935,5): warning MSB8027: Two or more files with the name of moc_MyQtreeWidget.cpp will produce outputs to the same location. This can lead to an incorrect build result.  The files involved are GeneratedFiles\Debug\moc_MyQtreeWidget.cpp, GeneratedFiles\Release\moc_MyQtreeWidget.cpp.
     1>C:\Program Files (x86)\MSBuild\Microsoft.Cpp\v4.0\V120\Microsoft.CppBuild.targets(935,5): warning MSB8027: Two or more files with the name of moc_MyVtkWidget.cpp will produce outputs to the same location. This can lead to an incorrect build result.  The files involved are GeneratedFiles\Debug\moc_MyVtkWidget.cpp, GeneratedFiles\Release\moc_MyVtkWidget.cpp.
     1>C:\Program Files (x86)\MSBuild\Microsoft.Cpp\v4.0\V120\Microsoft.CppBuild.targets(935,5): warning MSB8027: Two or more files with the name of moc_OneParameDialogClass.cpp will produce outputs to the same location. This can lead to an incorrect build result.  The files involved are GeneratedFiles\Debug\moc_OneParameDialogClass.cpp, GeneratedFiles\Release\moc_OneParameDialogClass.cpp.
       ClCompile:
         E:\vs2013\VC\bin\CL.exe /c /I.\GeneratedFiles /I. /IE:\Qt\Qt5.4.2\5.4\msvc2013_opengl\include /I.\GeneratedFiles\Debug /IE:\Qt\Qt5.4.2\5.4\msvc2013_opengl\include\QtCore /IE:\Qt\Qt5.4.2\5.4\msvc2013_opengl\include\QtGui /IE:\Qt\Qt5.4.2\5.4\msvc2013_opengl\include\QtWidgets /I"E:\PCL\PCL 1.8.0\include\pcl-1.8" /I"E:\PCL\PCL 1.8.0\3rdParty\Boost\include\boost-1_59" /I"E:\PCL\PCL 1.8.0\3rdParty\Eigen\eigen3" /I"E:\PCL\PCL 1.8.0\3rdParty\FLANN\include" /I"E:\PCL\PCL 1.8.0\3rdParty\OpenNI2\Include" /I"E:\PCL\PCL 1.8.0\3rdParty\Qhull\include" /I"E:\PCL\PCL 1.8.0\3rdParty\VTK\include\vtk-7.0" /Zi /nologo /W1 /WX- /Od /Oy- /D UNICODE /D WIN32 /D WIN64 /D QT_DLL /D QT_CORE_LIB /D QT_GUI_LIB /D QT_WIDGETS_LIB /D _SCL_SECURE_NO_WARNINGS /D _CRT_SECURE_NO_WARNINGS /Gm- /EHsc /MDd /GS /fp:precise /Zc:wchar_t /Zc:forScope /Fo"Debug\\" /Fd"Debug\vc120.pdb" /Gd /TP /analyze- /errorReport:prompt mainwindow.cpp
         mainwindow.cpp
     1>E:\PCL\PCL 1.8.0\include\pcl-1.8\pcl/visualization/pcl_visualizer.h : warning C4819: 该文件包含不能在当前代码页(936)中表示的字符。请将该文件保存为 Unicode 格式以防止数据丢失
     1>E:\PCL\PCL 1.8.0\include\pcl-1.8\pcl/visualization/interactor_style.h : warning C4819: 该文件包含不能在当前代码页(936)中表示的字符。请将该文件保存为 Unicode 格式以防止数据丢失
     1>E:\PCL\PCL 1.8.0\include\pcl-1.8\pcl/visualization/pcl_visualizer.h(1071): warning C4819: 该文件包含不能在当前代码页(936)中表示的字符。请将该文件保存为 Unicode 格式以防止数据丢失
     1>E:\PCL\PCL 1.8.0\include\pcl-1.8\pcl/visualization/pcl_visualizer.h(1620): warning C4819: 该文件包含不能在当前代码页(936)中表示的字符。请将该文件保存为 Unicode 格式以防止数据丢失
         所有输出均为最新。
       Link:
         E:\vs2013\VC\bin\link.exe /ERRORREPORT:PROMPT /OUT:"D:\QTCloudDYH\Win32\Debug\\QTCloudDYH.exe" /NOLOGO /LIBPATH:E:\Qt\Qt5.4.2\5.4\msvc2013_opengl\lib /LIBPATH:"E:\PCL\PCL 1.8.0\lib" /LIBPATH:"E:\PCL\PCL 1.8.0\3rdParty\Boost\lib" /LIBPATH:"E:\PCL\PCL 1.8.0\3rdParty\OpenNI2\Lib" /LIBPATH:"E:\PCL\PCL 1.8.0\3rdParty\FLANN\lib" /LIBPATH:"E:\PCL\PCL 1.8.0\3rdParty\Qhull\lib" /LIBPATH:"E:\PCL\PCL 1.8.0\3rdParty\VTK\lib" qtmaind.lib Qt5Cored.lib Qt5Guid.lib Qt5Widgetsd.lib pcl_common_debug.lib pcl_features_debug.lib pcl_filters_debug.lib pcl_io_debug.lib pcl_io_ply_debug.lib pcl_kdtree_debug.lib pcl_keypoints_debug.lib pcl_ml_debug.lib pcl_octree_debug.lib pcl_outofcore_debug.lib pcl_people_debug.lib pcl_recognition_debug.lib pcl_registration_debug.lib pcl_sample_consensus_debug.lib pcl_search_debug.lib pcl_segmentation_debug.lib pcl_stereo_debug.lib pcl_surface_debug.lib pcl_tracking_debug.lib pcl_visualization_debug.lib "libboost_atomic-vc120-mt-gd-1_59.lib" "libboost_chrono-vc120-mt-gd-1_59.lib" "libboost_container-vc120-mt-gd-1_59.lib" "libboost_context-vc120-mt-gd-1_59.lib" "libboost_coroutine-vc120-mt-gd-1_59.lib" "libboost_date_time-vc120-mt-gd-1_59.lib" "libboost_exception-vc120-mt-gd-1_59.lib" "libboost_filesystem-vc120-mt-gd-1_59.lib" "libboost_graph-vc120-mt-gd-1_59.lib" "libboost_iostreams-vc120-mt-gd-1_59.lib" "libboost_locale-vc120-mt-gd-1_59.lib" "libboost_log-vc120-mt-gd-1_59.lib" "libboost_log_setup-vc120-mt-gd-1_59.lib" "libboost_math_c99-vc120-mt-gd-1_59.lib" "libboost_math_c99f-vc120-mt-gd-1_59.lib" "libboost_math_c99l-vc120-mt-gd-1_59.lib" "libboost_math_tr1-vc120-mt-gd-1_59.lib" "libboost_math_tr1f-vc120-mt-gd-1_59.lib" "libboost_math_tr1l-vc120-mt-gd-1_59.lib" "libboost_mpi-vc120-mt-gd-1_59.lib" "libboost_prg_exec_monitor-vc120-mt-gd-1_59.lib" "libboost_program_options-vc120-mt-gd-1_59.lib" "libboost_random-vc120-mt-gd-1_59.lib" "libboost_regex-vc120-mt-gd-1_59.lib" "libboost_serialization-vc120-mt-gd-1_59.lib" "libboost_signals-vc120-mt-gd-1_59.lib" "libboost_system-vc120-mt-gd-1_59.lib" "libboost_test_exec_monitor-vc120-mt-gd-1_59.lib" "libboost_thread-vc120-mt-gd-1_59.lib" "libboost_timer-vc120-mt-gd-1_59.lib" "libboost_unit_test_framework-vc120-mt-gd-1_59.lib" "libboost_wave-vc120-mt-gd-1_59.lib" "libboost_wserialization-vc120-mt-gd-1_59.lib" "vtkalglib-7.0-gd.lib" "vtkChartsCore-7.0-gd.lib" "vtkCommonCore-7.0-gd.lib" "vtkCommonColor-7.0-gd.lib" "vtkCommonComputationalGeometry-7.0-gd.lib" "vtkCommonDataModel-7.0-gd.lib" "vtkCommonExecutionModel-7.0-gd.lib" "vtkCommonMath-7.0-gd.lib" "vtkCommonMisc-7.0-gd.lib" "vtkCommonSystem-7.0-gd.lib" "vtkCommonTransforms-7.0-gd.lib" "vtkDICOMParser-7.0-gd.lib" "vtkDomainsChemistry-7.0-gd.lib" "vtkexoIIc-7.0-gd.lib" "vtkexpat-7.0-gd.lib" "vtkFiltersAMR-7.0-gd.lib" "vtkFiltersCore-7.0-gd.lib" "vtkFiltersExtraction-7.0-gd.lib" "vtkFiltersFlowPaths-7.0-gd.lib" "vtkFiltersGeneral-7.0-gd.lib" "vtkFiltersGeneric-7.0-gd.lib" "vtkFiltersGeometry-7.0-gd.lib" "vtkFiltersHybrid-7.0-gd.lib" "vtkFiltersHyperTree-7.0-gd.lib" "vtkFiltersImaging-7.0-gd.lib" "vtkFiltersModeling-7.0-gd.lib" "vtkFiltersParallel-7.0-gd.lib" "vtkFiltersParallelImaging-7.0-gd.lib" "vtkFiltersProgrammable-7.0-gd.lib" "vtkFiltersSelection-7.0-gd.lib" "vtkFiltersSMP-7.0-gd.lib" "vtkFiltersSources-7.0-gd.lib" "vtkFiltersStatistics-7.0-gd.lib" "vtkFiltersTexture-7.0-gd.lib" "vtkFiltersVerdict-7.0-gd.lib" "vtkfreetype-7.0-gd.lib" "vtkGeovisCore-7.0-gd.lib" "vtkhdf5-7.0-gd.lib" "vtkhdf5_hl-7.0-gd.lib" "vtkImagingColor-7.0-gd.lib" "vtkImagingCore-7.0-gd.lib" "vtkImagingFourier-7.0-gd.lib" "vtkImagingGeneral-7.0-gd.lib" "vtkImagingHybrid-7.0-gd.lib" "vtkImagingMath-7.0-gd.lib" "vtkImagingMorphological-7.0-gd.lib" "vtkImagingSources-7.0-gd.lib" "vtkImagingStatistics-7.0-gd.lib" "vtkImagingStencil-7.0-gd.lib" "vtkInfovisCore-7.0-gd.lib" "vtkInfovisLayout-7.0-gd.lib" "vtkInteractionImage-7.0-gd.lib" "vtkInteractionStyle-7.0-gd.lib" "vtkInteractionWidgets-7.0-gd.lib" "vtkIOAMR-7.0-gd.lib" "vtkIOCore-7.0-gd.lib" "vtkIOEnSight-7.0-gd.lib" "vtkIOExodus-7.0-gd.lib" "vtkIOExport-7.0-gd.lib" "vtkIOGeometry-7.0-gd.lib" "vtkIOImage-7.0-gd.lib" "vtkIOImport-7.0-gd.lib" "vtkIOInfovis-7.0-gd.lib" "vtkIOLegacy-7.0-gd.lib" "vtkIOLSDyna-7.0-gd.lib" "vtkIOMINC-7.0-gd.lib" "vtkIOMovie-7.0-gd.lib" "vtkIONetCDF-7.0-gd.lib" "vtkIOParallel-7.0-gd.lib" "vtkIOParallelXML-7.0-gd.lib" "vtkIOPLY-7.0-gd.lib" "vtkIOSQL-7.0-gd.lib" "vtkIOVideo-7.0-gd.lib" "vtkIOXML-7.0-gd.lib" "vtkIOXMLParser-7.0-gd.lib" "vtkjpeg-7.0-gd.lib" "vtkjsoncpp-7.0-gd.lib" "vtklibxml2-7.0-gd.lib" "vtkmetaio-7.0-gd.lib" "vtkNetCDF-7.0-gd.lib" "vtkNetCDF_cxx-7.0-gd.lib" "vtkoggtheora-7.0-gd.lib" "vtkParallelCore-7.0-gd.lib" "vtkpng-7.0-gd.lib" "vtkproj4-7.0-gd.lib" "vtkRenderingAnnotation-7.0-gd.lib" "vtkRenderingContext2D-7.0-gd.lib" "vtkRenderingContextOpenGL2-7.0-gd.lib" "vtkRenderingCore-7.0-gd.lib" "vtkRenderingFreeType-7.0-gd.lib" "vtkRenderingImage-7.0-gd.lib" "vtkRenderingLabel-7.0-gd.lib" "vtkRenderingLOD-7.0-gd.lib" "vtkRenderingOpenGL2-7.0-gd.lib" "vtkRenderingVolume-7.0-gd.lib" "vtkRenderingVolumeOpenGL2-7.0-gd.lib" "vtksqlite-7.0-gd.lib" "vtksys-7.0-gd.lib" "vtktiff-7.0-gd.lib" "vtkverdict-7.0-gd.lib" "vtkViewsContext2D-7.0-gd.lib" "vtkViewsCore-7.0-gd.lib" "vtkViewsInfovis-7.0-gd.lib" "vtkzlib-7.0-gd.lib" "vtkGUISupportQt-7.0-gd.lib" "vtkRenderingQt-7.0-gd.lib" "vtkViewsQt-7.0-gd.lib" "flann_cpp_s-gd.lib" "qhullstatic-gd.lib" OpenNI2.lib kernel32.lib user32.lib gdi32.lib winspool.lib shell32.lib ole32.lib oleaut32.lib uuid.lib comdlg32.lib advapi32.lib comctl32.lib wsock32.lib glu32.lib opengl32.lib ws2_32.lib Psapi.lib kernel32.lib user32.lib gdi32.lib winspool.lib comdlg32.lib advapi32.lib shell32.lib ole32.lib oleaut32.lib uuid.lib odbc32.lib odbccp32.lib /MANIFEST /MANIFESTUAC:"level='asInvoker' uiAccess='false'" /manifest:embed /DEBUG /PDB:"D:\QTCloudDYH\Win32\Debug\QTCloudDYH.pdb" /SUBSYSTEM:WINDOWS /TLBID:1 /DYNAMICBASE /NXCOMPAT /IMPLIB:"D:\QTCloudDYH\Win32\Debug\QTCloudDYH.lib" /MACHINE:X86 /SAFESEH Debug\FeatureVector.obj
         Debug\File.obj
         Debug\FourParameDialogClass.obj
         Debug\moc_FourParameDialogClass.obj
         Debug\moc_mainwindow.obj
         Debug\moc_MyQtreeWidget.obj
         Debug\moc_MyVtkWidget.obj
         Debug\moc_OneParameDialogClass.obj
         Debug\qrc_mainwindow.obj
         Debug\main.obj
         Debug\mainwindow.obj
         Debug\MyQtreeWidget.obj
         Debug\MyVtkWidget.obj
         Debug\OBB.obj
         Debug\OneParameDialogClass.obj
         Debug\Ransac.obj
         Debug\Value.obj
         QTCloudDYH.vcxproj -> D:\QTCloudDYH\Win32\Debug\QTCloudDYH.exe
       FinalizeBuildStatus:
         正在删除文件“Debug\QTCloudDYH.tlog\unsuccessfulbuild”。
         正在对“Debug\QTCloudDYH.tlog\QTCloudDYH.lastbuildstate”执行 Touch 任务。
     1>已完成生成项目“D:\QTCloudDYH\QTCloudDYH\QTCloudDYH.vcxproj”(Build 个目标)的操作。

生成成功。

已用时间 00:00:23.25
