d:\qtclouddyh\qtclouddyh\debug\vc120.pdb
d:\qtclouddyh\qtclouddyh\debug\value.obj
d:\qtclouddyh\qtclouddyh\debug\ransac.obj
d:\qtclouddyh\qtclouddyh\debug\oneparamedialogclass.obj
d:\qtclouddyh\qtclouddyh\debug\obb.obj
d:\qtclouddyh\qtclouddyh\debug\myvtkwidget.obj
d:\qtclouddyh\qtclouddyh\debug\myqtreewidget.obj
d:\qtclouddyh\qtclouddyh\debug\mainwindow.obj
d:\qtclouddyh\qtclouddyh\debug\main.obj
d:\qtclouddyh\qtclouddyh\debug\moc_oneparamedialogclass.obj
d:\qtclouddyh\qtclouddyh\debug\moc_myvtkwidget.obj
d:\qtclouddyh\qtclouddyh\debug\moc_myqtreewidget.obj
d:\qtclouddyh\qtclouddyh\debug\moc_mainwindow.obj
d:\qtclouddyh\qtclouddyh\debug\moc_fourparamedialogclass.obj
d:\qtclouddyh\qtclouddyh\debug\fourparamedialogclass.obj
d:\qtclouddyh\qtclouddyh\debug\file.obj
d:\qtclouddyh\qtclouddyh\debug\featurevector.obj
d:\qtclouddyh\qtclouddyh\debug\qrc_mainwindow.obj
d:\qtclouddyh\qtclouddyh\generatedfiles\ui_mainwindow.h
d:\qtclouddyh\qtclouddyh\generatedfiles\debug\moc_oneparamedialogclass.cpp
d:\qtclouddyh\qtclouddyh\generatedfiles\debug\moc_fourparamedialogclass.cpp
d:\qtclouddyh\qtclouddyh\generatedfiles\debug\moc_myvtkwidget.cpp
d:\qtclouddyh\qtclouddyh\generatedfiles\qrc_mainwindow.cpp
d:\qtclouddyh\qtclouddyh\generatedfiles\ui_fourparamedialogclass.h
d:\qtclouddyh\qtclouddyh\generatedfiles\ui_oneparamedialogclass.h
d:\qtclouddyh\qtclouddyh\generatedfiles\debug\moc_mainwindow.cpp
d:\qtclouddyh\qtclouddyh\generatedfiles\debug\moc_myqtreewidget.cpp
d:\qtclouddyh\win32\debug\qtclouddyh.ilk
d:\qtclouddyh\win32\debug\qtclouddyh.exe
d:\qtclouddyh\win32\debug\qtclouddyh.pdb
d:\qtclouddyh\qtclouddyh\debug\qtclouddyh.tlog\cl.command.1.tlog
d:\qtclouddyh\qtclouddyh\debug\qtclouddyh.tlog\cl.read.1.tlog
d:\qtclouddyh\qtclouddyh\debug\qtclouddyh.tlog\cl.write.1.tlog
d:\qtclouddyh\qtclouddyh\debug\qtclouddyh.tlog\custombuild.command.1.tlog
d:\qtclouddyh\qtclouddyh\debug\qtclouddyh.tlog\custombuild.read.1.tlog
d:\qtclouddyh\qtclouddyh\debug\qtclouddyh.tlog\custombuild.write.1.tlog
d:\qtclouddyh\qtclouddyh\debug\qtclouddyh.tlog\link.command.1.tlog
d:\qtclouddyh\qtclouddyh\debug\qtclouddyh.tlog\link.read.1.tlog
d:\qtclouddyh\qtclouddyh\debug\qtclouddyh.tlog\link.write.1.tlog
